/app/unsloth_webui.py:2: DeprecationWarning:
Eventlet is deprecated. It is currently being maintained in bugfix mode, and
we strongly recommend against using it for new projects.

If you are already using Eventlet, we recommend migrating to a different
framework.  For more detail see
https://eventlet.readthedocs.io/en/latest/asyncio/migration.html

  import eventlet
Server initialized for eventlet.
✅ Loaded working directory: /app/WORK

============================================================
🚀 Unsloth WebUI starting...
📁 Working directory: /app/WORK
🌐 Access at: http://localhost:7862
⚙️ Configure at: http://localhost:7862/config
🔍 Health check: http://localhost:7862/health
🔧 Debug mode: ON (Reloader disabled to prevent restarts during training)
============================================================

bcc3F9LEQsk7UFx5AAAA: Sending packet OPEN data {'sid': 'bcc3F9LEQsk7UFx5AAAA', 'upgrades': ['websocket'], 'pingTimeout': 20000, 'pingInterval': 25000, 'maxPayload': 104857600}
📡 API Request: GET /api/gpu_info
📦 Headers: {'Content-Type': 'text/plain', 'Host': 'localhost:7862', 'Connection': 'keep-alive', 'Sec-Ch-Ua-Platform': '"Linux"', 'User-Agent': 'Mozilla/5.0 (X11; Linux x86_64) AppleWebKit/537.36 (KHTML, like Gecko) HeadlessChrome/143.0.7499.4 Safari/537.36', 'Sec-Ch-Ua': '"HeadlessChrome";v="143", "Chromium";v="143", "Not A(Brand";v="24"', 'Sec-Ch-Ua-Mobile': '?0', 'Accept': '*/*', 'Sec-Fetch-Site': 'same-origin', 'Sec-Fetch-Mode': 'cors', 'Sec-Fetch-Dest': 'empty', 'Referer': 'http://localhost:7862/', 'Accept-Encoding': 'gzip, deflate, br, zstd'}
⚠️ Error getting GPU info: [Errno 2] No such file or directory: 'nvidia-smi'
✅ API Response: /api/gpu_info - Status OK
bcc3F9LEQsk7UFx5AAAA: Received packet MESSAGE data 0
🔌 Client connected: hTwsG_ETVFMa5eaUAAAB
emitting event "connected" to hTwsG_ETVFMa5eaUAAAB [/]
bcc3F9LEQsk7UFx5AAAA: Sending packet MESSAGE data 2["connected",{"working_dir":"/app/WORK","sid":"hTwsG_ETVFMa5eaUAAAB","active_training":false}]
bcc3F9LEQsk7UFx5AAAA: Sending packet MESSAGE data 0{"sid":"hTwsG_ETVFMa5eaUAAAB"}
bcc3F9LEQsk7UFx5AAAA: Received request to upgrade to websocket
bcc3F9LEQsk7UFx5AAAA: Upgrade to websocket successful
📡 API Request: GET /api/models
📦 Headers: {'Content-Type': 'text/plain', 'Host': 'localhost:7862', 'Connection': 'keep-alive', 'Sec-Ch-Ua-Platform': '"Linux"', 'User-Agent': 'Mozilla/5.0 (X11; Linux x86_64) AppleWebKit/537.36 (KHTML, like Gecko) HeadlessChrome/143.0.7499.4 Safari/537.36', 'Sec-Ch-Ua': '"HeadlessChrome";v="143", "Chromium";v="143", "Not A(Brand";v="24"', 'Sec-Ch-Ua-Mobile': '?0', 'Accept': '*/*', 'Sec-Fetch-Site': 'same-origin', 'Sec-Fetch-Mode': 'cors', 'Sec-Fetch-Dest': 'empty', 'Referer': 'http://localhost:7862/', 'Accept-Encoding': 'gzip, deflate, br, zstd'}
✅ API Response: /api/models - Status OK
📡 API Request: GET /api/files
📦 Headers: {'Content-Type': 'text/plain', 'Host': 'localhost:7862', 'Connection': 'keep-alive', 'Sec-Ch-Ua-Platform': '"Linux"', 'User-Agent': 'Mozilla/5.0 (X11; Linux x86_64) AppleWebKit/537.36 (KHTML, like Gecko) HeadlessChrome/143.0.7499.4 Safari/537.36', 'Sec-Ch-Ua': '"HeadlessChrome";v="143", "Chromium";v="143", "Not A(Brand";v="24"', 'Sec-Ch-Ua-Mobile': '?0', 'Accept': '*/*', 'Sec-Fetch-Site': 'same-origin', 'Sec-Fetch-Mode': 'cors', 'Sec-Fetch-Dest': 'empty', 'Referer': 'http://localhost:7862/', 'Accept-Encoding': 'gzip, deflate, br, zstd'}
✅ API Response: /api/files - Status OK
📡 API Request: GET /api/merged_models
📦 Headers: {'Content-Type': 'text/plain', 'Host': 'localhost:7862', 'Connection': 'keep-alive', 'Sec-Ch-Ua-Platform': '"Linux"', 'User-Agent': 'Mozilla/5.0 (X11; Linux x86_64) AppleWebKit/537.36 (KHTML, like Gecko) HeadlessChrome/143.0.7499.4 Safari/537.36', 'Sec-Ch-Ua': '"HeadlessChrome";v="143", "Chromium";v="143", "Not A(Brand";v="24"', 'Sec-Ch-Ua-Mobile': '?0', 'Accept': '*/*', 'Sec-Fetch-Site': 'same-origin', 'Sec-Fetch-Mode': 'cors', 'Sec-Fetch-Dest': 'empty', 'Referer': 'http://localhost:7862/', 'Accept-Encoding': 'gzip, deflate, br, zstd'}
✅ API Response: /api/merged_models - Status OK
📡 API Request: GET /api/trained_models
📦 Headers: {'Content-Type': 'text/plain', 'Host': 'localhost:7862', 'Connection': 'keep-alive', 'Sec-Ch-Ua-Platform': '"Linux"', 'User-Agent': 'Mozilla/5.0 (X11; Linux x86_64) AppleWebKit/537.36 (KHTML, like Gecko) HeadlessChrome/143.0.7499.4 Safari/537.36', 'Sec-Ch-Ua': '"HeadlessChrome";v="143", "Chromium";v="143", "Not A(Brand";v="24"', 'Sec-Ch-Ua-Mobile': '?0', 'Accept': '*/*', 'Sec-Fetch-Site': 'same-origin', 'Sec-Fetch-Mode': 'cors', 'Sec-Fetch-Dest': 'empty', 'Referer': 'http://localhost:7862/', 'Accept-Encoding': 'gzip, deflate, br, zstd'}
✅ API Response: /api/trained_models - Status OK
🔌 Client disconnected: hTwsG_ETVFMa5eaUAAAB
